\BOOKMARK [0][-]{chapter.1}{\376\377\000I\000n\000t\000r\000o\000d\000u\000c\000t\000i\000o\000n}{}% 1
\BOOKMARK [0][-]{chapter.2}{\376\377\000B\000a\000c\000k\000g\000r\000o\000u\000n\000d}{}% 2
\BOOKMARK [1][-]{section.2.1}{\376\377\000L\000a\000r\000g\000e\000\040\000L\000a\000n\000g\000u\000a\000g\000e\000\040\000M\000o\000d\000e\000l\000s}{chapter.2}% 3
\BOOKMARK [1][-]{section.2.2}{\376\377\000R\000e\000t\000r\000i\000e\000v\000a\000l\000-\000A\000u\000g\000m\000e\000n\000t\000e\000d\000\040\000G\000e\000n\000e\000r\000a\000t\000i\000o\000n}{chapter.2}% 4
\BOOKMARK [1][-]{section.2.3}{\376\377\000I\000n\000f\000o\000r\000m\000a\000t\000i\000o\000n\000\040\000R\000e\000t\000r\000i\000e\000v\000a\000l}{chapter.2}% 5
\BOOKMARK [2][-]{subsection.2.3.1}{\376\377\000S\000p\000a\000r\000s\000e\000\040\000R\000e\000t\000r\000i\000e\000v\000a\000l}{section.2.3}% 6
\BOOKMARK [2][-]{subsection.2.3.2}{\376\377\000D\000e\000n\000s\000e\000\040\000R\000e\000t\000r\000i\000e\000v\000a\000l}{section.2.3}% 7
\BOOKMARK [2][-]{subsection.2.3.3}{\376\377\000H\000y\000b\000r\000i\000d\000\040\000R\000e\000t\000r\000i\000e\000v\000a\000l}{section.2.3}% 8
\BOOKMARK [0][-]{chapter.3}{\376\377\000S\000y\000s\000t\000e\000m\000\040\000A\000r\000c\000h\000i\000t\000e\000c\000t\000u\000r\000e}{}% 9
\BOOKMARK [1][-]{section.3.1}{\376\377\000O\000v\000e\000r\000v\000i\000e\000w}{chapter.3}% 10
\BOOKMARK [1][-]{section.3.2}{\376\377\000O\000f\000f\000l\000i\000n\000e\000\040\000I\000n\000d\000e\000x\000i\000n\000g\000\040\000P\000i\000p\000e\000l\000i\000n\000e}{chapter.3}% 11
\BOOKMARK [2][-]{subsection.3.2.1}{\376\377\000D\000o\000c\000u\000m\000e\000n\000t\000\040\000E\000x\000t\000r\000a\000c\000t\000i\000o\000n}{section.3.2}% 12
\BOOKMARK [2][-]{subsection.3.2.2}{\376\377\000D\000o\000c\000u\000m\000e\000n\000t\000\040\000C\000h\000u\000n\000k\000i\000n\000g}{section.3.2}% 13
\BOOKMARK [2][-]{subsection.3.2.3}{\376\377\000D\000e\000n\000s\000e\000\040\000I\000n\000d\000e\000x\000\040\000C\000o\000n\000s\000t\000r\000u\000c\000t\000i\000o\000n}{section.3.2}% 14
\BOOKMARK [2][-]{subsection.3.2.4}{\376\377\000S\000p\000a\000r\000s\000e\000\040\000I\000n\000d\000e\000x\000\040\000C\000o\000n\000s\000t\000r\000u\000c\000t\000i\000o\000n}{section.3.2}% 15
\BOOKMARK [1][-]{section.3.3}{\376\377\000O\000n\000l\000i\000n\000e\000\040\000I\000n\000f\000e\000r\000e\000n\000c\000e\000\040\000P\000i\000p\000e\000l\000i\000n\000e}{chapter.3}% 16
\BOOKMARK [2][-]{subsection.3.3.1}{\376\377\000Q\000u\000e\000r\000y\000\040\000P\000r\000e\000p\000r\000o\000c\000e\000s\000s\000i\000n\000g}{section.3.3}% 17
\BOOKMARK [2][-]{subsection.3.3.2}{\376\377\000H\000y\000b\000r\000i\000d\000\040\000R\000e\000t\000r\000i\000e\000v\000a\000l}{section.3.3}% 18
\BOOKMARK [2][-]{subsection.3.3.3}{\376\377\000P\000r\000o\000m\000p\000t\000\040\000C\000o\000n\000s\000t\000r\000u\000c\000t\000i\000o\000n}{section.3.3}% 19
\BOOKMARK [2][-]{subsection.3.3.4}{\376\377\000R\000e\000s\000p\000o\000n\000s\000e\000\040\000G\000e\000n\000e\000r\000a\000t\000i\000o\000n}{section.3.3}% 20
\BOOKMARK [0][-]{chapter.4}{\376\377\000I\000t\000e\000r\000a\000t\000i\000v\000e\000\040\000D\000e\000v\000e\000l\000o\000p\000m\000e\000n\000t}{}% 21
\BOOKMARK [1][-]{section.4.1}{\376\377\000L\000o\000c\000a\000l\000\040\000L\000L\000M\000\040\000I\000n\000f\000e\000r\000e\000n\000c\000e}{chapter.4}% 22
\BOOKMARK [1][-]{section.4.2}{\376\377\000F\000i\000n\000e\000-\000t\000u\000n\000e\000d\000\040\000L\000L\000M}{chapter.4}% 23
\BOOKMARK [1][-]{section.4.3}{\376\377\000A\000d\000o\000p\000t\000i\000o\000n\000\040\000o\000f\000\040\000R\000A\000G\000\040\000a\000n\000d\000\040\000C\000l\000o\000u\000d\000\040\000I\000n\000f\000e\000r\000e\000n\000c\000e}{chapter.4}% 24
\BOOKMARK [1][-]{section.4.4}{\376\377\000L\000e\000s\000s\000o\000n\000s\000\040\000L\000e\000a\000r\000n\000e\000d}{chapter.4}% 25
\BOOKMARK [0][-]{chapter.5}{\376\377\000C\000o\000n\000c\000l\000u\000s\000i\000o\000n\000\040\000a\000n\000d\000\040\000F\000u\000t\000u\000r\000e\000\040\000W\000o\000r\000k}{}% 26
\BOOKMARK [1][-]{section.5.1}{\376\377\000C\000o\000n\000c\000l\000u\000s\000i\000o\000n}{chapter.5}% 27
\BOOKMARK [1][-]{section.5.2}{\376\377\000F\000u\000t\000u\000r\000e\000\040\000W\000o\000r\000k}{chapter.5}% 28
