This is pdfTeX, Version 3.141592653-2.6-1.40.27 (TeX Live 2025) (preloaded format=pdflatex 2025.3.8)  29 JUN 2026 09:44
entering extended mode
 restricted \write18 enabled.
 file:line:error style messages enabled.
 %&-line parsing enabled.
**/Users/nguyen/Codebase/Development/ToC-AI-Tutor/report/toc_ai_tutor_report.tex
(/Users/nguyen/Codebase/Development/ToC-AI-Tutor/report/toc_ai_tutor_report.tex
LaTeX2e <2024-11-01> patch level 2
L3 programming layer <2025-01-18>
)
! Emergency stop.
<*> ...ToC-AI-Tutor/report/toc_ai_tutor_report.tex
                                                  
*** (job aborted, no legal \end found)

 
Here is how much of TeX's memory you used:
 15 strings out of 474662
 555 string characters out of 5751110
 388133 words of memory out of 5000000
 23154 multiletter control sequences out of 15000+600000
 558837 words of font info for 36 fonts, out of 8000000 for 9000
 319 hyphenation exceptions out of 8191
 12i,0n,13p,110b,8s stack positions out of 10000i,1000n,20000p,200000b,200000s
!  ==> Fatal error occurred, no output PDF file produced!
